\BOOKMARK [1][-]{section.1}{Introduction}{}% 1
\BOOKMARK [1][-]{section.2}{Design Process}{}% 2
\BOOKMARK [2][-]{subsection.2.1}{Problem}{section.2}% 3
\BOOKMARK [3][-]{subsubsection.2.1.1}{Inverse Kinematics}{subsection.2.1}% 4
\BOOKMARK [3][-]{subsubsection.2.1.2}{Force storage}{subsection.2.1}% 5
\BOOKMARK [3][-]{subsubsection.2.1.3}{Hardware Requirements}{subsection.2.1}% 6
\BOOKMARK [2][-]{subsection.2.2}{Research}{section.2}% 7
\BOOKMARK [3][-]{subsubsection.2.2.1}{Cable Direct Driven Robots \(CDDRs\)}{subsection.2.2}% 8
\BOOKMARK [3][-]{subsubsection.2.2.2}{Gripper Design}{subsection.2.2}% 9
\BOOKMARK [3][-]{subsubsection.2.2.3}{Camera Setups}{subsection.2.2}% 10
\BOOKMARK [3][-]{subsubsection.2.2.4}{Object Tracking}{subsection.2.2}% 11
\BOOKMARK [3][-]{subsubsection.2.2.5}{Gripper-Object Coordination}{subsection.2.2}% 12
\BOOKMARK [3][-]{subsubsection.2.2.6}{Motors}{subsection.2.2}% 13
\BOOKMARK [2][-]{subsection.2.3}{Methodology}{section.2}% 14
\BOOKMARK [2][-]{subsection.2.4}{Prototypes}{section.2}% 15
\BOOKMARK [3][-]{subsubsection.2.4.1}{Motors}{subsection.2.4}% 16
\BOOKMARK [3][-]{subsubsection.2.4.2}{Clamps}{subsection.2.4}% 17
\BOOKMARK [3][-]{subsubsection.2.4.3}{Kinematic solution 1}{subsection.2.4}% 18
\BOOKMARK [3][-]{subsubsection.2.4.4}{Control Software}{subsection.2.4}% 19
\BOOKMARK [2][-]{subsection.2.5}{Vision Algorithms}{section.2}% 20
\BOOKMARK [3][-]{subsubsection.2.5.1}{Changing Histograms}{subsection.2.5}% 21
\BOOKMARK [3][-]{subsubsection.2.5.2}{Optical Flow \(Farneback\)}{subsection.2.5}% 22
\BOOKMARK [3][-]{subsubsection.2.5.3}{Kalman filter}{subsection.2.5}% 23
\BOOKMARK [3][-]{subsubsection.2.5.4}{Pyramid Scaling}{subsection.2.5}% 24
\BOOKMARK [3][-]{subsubsection.2.5.5}{YOLO}{subsection.2.5}% 25
\BOOKMARK [2][-]{subsection.2.6}{Further problems}{section.2}% 26
\BOOKMARK [3][-]{subsubsection.2.6.1}{Kinematics}{subsection.2.6}% 27
\BOOKMARK [3][-]{subsubsection.2.6.2}{Skipping steps}{subsection.2.6}% 28
\BOOKMARK [3][-]{subsubsection.2.6.3}{Motor velocities}{subsection.2.6}% 29
\BOOKMARK [1][-]{section.3}{Implementation}{}% 30
\BOOKMARK [2][-]{subsection.3.1}{Software}{section.3}% 31
\BOOKMARK [2][-]{subsection.3.2}{Motor velocities}{section.3}% 32
\BOOKMARK [2][-]{subsection.3.3}{Servos and multi-threading}{section.3}% 33
\BOOKMARK [2][-]{subsection.3.4}{Elastic cords}{section.3}% 34
\BOOKMARK [2][-]{subsection.3.5}{Processor}{section.3}% 35
\BOOKMARK [2][-]{subsection.3.6}{Throw Sequence}{section.3}% 36
\BOOKMARK [2][-]{subsection.3.7}{Grippers}{section.3}% 37
\BOOKMARK [3][-]{subsubsection.3.7.1}{Soft Passive Gripper}{subsection.3.7}% 38
\BOOKMARK [3][-]{subsubsection.3.7.2}{Soft Active Gripper}{subsection.3.7}% 39
\BOOKMARK [2][-]{subsection.3.8}{Camera}{section.3}% 40
\BOOKMARK [2][-]{subsection.3.9}{Object Tracking}{section.3}% 41
\BOOKMARK [1][-]{section.4}{Experiments}{}% 42
\BOOKMARK [2][-]{subsection.4.1}{Stepper Driver Performance}{section.4}% 43
\BOOKMARK [3][-]{subsubsection.4.1.1}{Method}{subsection.4.1}% 44
\BOOKMARK [3][-]{subsubsection.4.1.2}{Results}{subsection.4.1}% 45
\BOOKMARK [3][-]{subsubsection.4.1.3}{Discussion}{subsection.4.1}% 46
\BOOKMARK [2][-]{subsection.4.2}{Object tracking program rate}{section.4}% 47
\BOOKMARK [3][-]{subsubsection.4.2.1}{Method}{subsection.4.2}% 48
\BOOKMARK [3][-]{subsubsection.4.2.2}{Results}{subsection.4.2}% 49
\BOOKMARK [3][-]{subsubsection.4.2.3}{Discussion}{subsection.4.2}% 50
\BOOKMARK [2][-]{subsection.4.3}{Kinematic controller rate}{section.4}% 51
\BOOKMARK [3][-]{subsubsection.4.3.1}{Method}{subsection.4.3}% 52
\BOOKMARK [3][-]{subsubsection.4.3.2}{Results}{subsection.4.3}% 53
\BOOKMARK [3][-]{subsubsection.4.3.3}{Discussion}{subsection.4.3}% 54
\BOOKMARK [2][-]{subsection.4.4}{Camera latency}{section.4}% 55
\BOOKMARK [3][-]{subsubsection.4.4.1}{Method}{subsection.4.4}% 56
\BOOKMARK [3][-]{subsubsection.4.4.2}{Results}{subsection.4.4}% 57
\BOOKMARK [3][-]{subsubsection.4.4.3}{Discussion}{subsection.4.4}% 58
\BOOKMARK [2][-]{subsection.4.5}{Catching Performance}{section.4}% 59
\BOOKMARK [3][-]{subsubsection.4.5.1}{Method}{subsection.4.5}% 60
\BOOKMARK [3][-]{subsubsection.4.5.2}{Results}{subsection.4.5}% 61
\BOOKMARK [3][-]{subsubsection.4.5.3}{Discussion}{subsection.4.5}% 62
\BOOKMARK [1][-]{section.5}{Overall Discussion}{}% 63
\BOOKMARK [2][-]{subsection.5.1}{Overall Discussion}{section.5}% 64
\BOOKMARK [2][-]{subsection.5.2}{Body Design}{section.5}% 65
\BOOKMARK [2][-]{subsection.5.3}{Gripper Design}{section.5}% 66
\BOOKMARK [2][-]{subsection.5.4}{Camera Setup}{section.5}% 67
\BOOKMARK [2][-]{subsection.5.5}{Object Tracking}{section.5}% 68
\BOOKMARK [2][-]{subsection.5.6}{Gripper-Object Coordination}{section.5}% 69
\BOOKMARK [2][-]{subsection.5.7}{Object Grasping}{section.5}% 70
\BOOKMARK [1][-]{section.6}{Conclusion}{}% 71
\BOOKMARK [1][-]{section*.2}{References}{}% 72
